빌드 시작: 2016-03-15 오후 2:53:40
     1>2 노드의 "c:\Users\user\documents\visual studio 2010\Projects\ex1\ex1\ex1.vcxproj" 프로젝트(build 대상)입니다.
     1>InitializeBuildStatus:
         "Debug\ex1.unsuccessfulbuild"에 연결(touching)하고 있습니다.
       ClCompile:
         모든 출력이 최신 상태입니다.
         C:\Program Files (x86)\Microsoft Visual Studio 10.0\VC\bin\CL.exe /c /ZI /nologo /W3 /WX- /Od /Oy- /D WIN32 /D _WINDOWS /D _DEBUG /D _UNICODE /D UNICODE /D _AFXDLL /Gm /EHsc /RTC1 /MDd /GS /fp:precise /Zc:wchar_t /Zc:forScope /Yu"StdAfx.h" /Fp"Debug\ex1.pch" /Fo"Debug\\" /Fd"Debug\vc100.pdb" /Gd /TP /analyze- /errorReport:prompt ex1View.cpp
         ex1View.cpp
       ResourceCompile:
         모든 출력이 최신 상태입니다.
       ManifestResourceCompile:
         모든 출력이 최신 상태입니다.
       Link:
         C:\Program Files (x86)\Microsoft Visual Studio 10.0\VC\bin\link.exe /ERRORREPORT:PROMPT /OUT:"c:\users\user\documents\visual studio 2010\Projects\ex1\Debug\ex1.exe" /INCREMENTAL /NOLOGO /MANIFEST /ManifestFile:"Debug\ex1.exe.intermediate.manifest" /MANIFESTUAC:"level='asInvoker' uiAccess='false'" /DEBUG /PDB:"c:\users\user\documents\visual studio 2010\Projects\ex1\Debug\ex1.pdb" /SUBSYSTEM:WINDOWS /TLBID:1 /ENTRY:"wWinMainCRTStartup" /DYNAMICBASE /NXCOMPAT /IMPLIB:"c:\users\user\documents\visual studio 2010\Projects\ex1\Debug\ex1.lib" /MACHINE:X86 Debug\ex1.res
         Debug\ex1.exe.embed.manifest.res
         Debug\ClassView.obj
         Debug\ex1.obj
         Debug\ex1Doc.obj
         Debug\ex1View.obj
         Debug\FileView.obj
         Debug\MainFrm.obj
         Debug\OutputWnd.obj
         Debug\PropertiesWnd.obj
         Debug\stdafx.obj
         Debug\ViewTree.obj
       Manifest:
         C:\Program Files (x86)\Microsoft SDKs\Windows\v7.0A\bin\mt.exe /nologo /verbose /out:"Debug\ex1.exe.embed.manifest" /manifest Debug\ex1.exe.intermediate.manifest "C:\Program Files (x86)\Microsoft Visual Studio 10.0\VC\Include\Manifest\dpiaware.manifest"
         모든 출력이 최신 상태입니다.
       LinkEmbedManifest:
         모든 출력이 최신 상태입니다.
         ex1.vcxproj -> c:\users\user\documents\visual studio 2010\Projects\ex1\Debug\ex1.exe
       FinalizeBuildStatus:
         "Debug\ex1.unsuccessfulbuild" 파일을 삭제하고 있습니다.
         "Debug\ex1.lastbuildstate"에 연결(touching)하고 있습니다.
     1>"c:\Users\user\documents\visual studio 2010\Projects\ex1\ex1\ex1.vcxproj" 프로젝트를 빌드했습니다(build 대상).

빌드했습니다.

경과 시간: 00:00:00.33
