  pch.cpp
  AG(Auto_Git).cpp
  코드를 생성하고 있습니다.
  Previous IPDB not found, fall back to full compilation.
  All 191 functions were compiled because no usable IPDB/IOBJ from previous compilation was found.
  코드를 생성했습니다.
RST_EasyWin32.lib(EasyAPI.obj) : warning LNK4099: 'EasyWin32.pdb' PDB를 'RST_EasyWin32.lib(EasyAPI.obj)' 또는 'C:\Users\tkddn\source\repos\AG(Auto_Git)\Release\EasyWin32.pdb'에서 찾을 수 없습니다. 디버그 정보가 없는 것처럼 개체를 링크합니다.
RST_EasyWin32.lib(TargetImage.obj) : warning LNK4099: 'EasyWin32.pdb' PDB를 'RST_EasyWin32.lib(TargetImage.obj)' 또는 'C:\Users\tkddn\source\repos\AG(Auto_Git)\Release\EasyWin32.pdb'에서 찾을 수 없습니다. 디버그 정보가 없는 것처럼 개체를 링크합니다.
RST_EasyWin32.lib(NormalMouse.obj) : warning LNK4099: 'EasyWin32.pdb' PDB를 'RST_EasyWin32.lib(NormalMouse.obj)' 또는 'C:\Users\tkddn\source\repos\AG(Auto_Git)\Release\EasyWin32.pdb'에서 찾을 수 없습니다. 디버그 정보가 없는 것처럼 개체를 링크합니다.
RST_EasyWin32.lib(NormalKeyBoard.obj) : warning LNK4099: 'EasyWin32.pdb' PDB를 'RST_EasyWin32.lib(NormalKeyBoard.obj)' 또는 'C:\Users\tkddn\source\repos\AG(Auto_Git)\Release\EasyWin32.pdb'에서 찾을 수 없습니다. 디버그 정보가 없는 것처럼 개체를 링크합니다.
RST_EasyWin32.lib(MessageMap.obj) : warning LNK4099: 'EasyWin32.pdb' PDB를 'RST_EasyWin32.lib(MessageMap.obj)' 또는 'C:\Users\tkddn\source\repos\AG(Auto_Git)\Release\EasyWin32.pdb'에서 찾을 수 없습니다. 디버그 정보가 없는 것처럼 개체를 링크합니다.
RST_EasyWin32.lib(EasyWin32.obj) : warning LNK4099: 'EasyWin32.pdb' PDB를 'RST_EasyWin32.lib(EasyWin32.obj)' 또는 'C:\Users\tkddn\source\repos\AG(Auto_Git)\Release\EasyWin32.pdb'에서 찾을 수 없습니다. 디버그 정보가 없는 것처럼 개체를 링크합니다.
RST_EasyWin32.lib(pch.obj) : warning LNK4099: 'EasyWin32.pdb' PDB를 'RST_EasyWin32.lib(pch.obj)' 또는 'C:\Users\tkddn\source\repos\AG(Auto_Git)\Release\EasyWin32.pdb'에서 찾을 수 없습니다. 디버그 정보가 없는 것처럼 개체를 링크합니다.
RST_EasyWin32.lib(TW_Display.obj) : warning LNK4099: 'EasyWin32.pdb' PDB를 'RST_EasyWin32.lib(TW_Display.obj)' 또는 'C:\Users\tkddn\source\repos\AG(Auto_Git)\Release\EasyWin32.pdb'에서 찾을 수 없습니다. 디버그 정보가 없는 것처럼 개체를 링크합니다.
RST_EasyWin32.lib(TW_MemDC.obj) : warning LNK4099: 'EasyWin32.pdb' PDB를 'RST_EasyWin32.lib(TW_MemDC.obj)' 또는 'C:\Users\tkddn\source\repos\AG(Auto_Git)\Release\EasyWin32.pdb'에서 찾을 수 없습니다. 디버그 정보가 없는 것처럼 개체를 링크합니다.
RST_EasyWin32.lib(TW_Control.obj) : warning LNK4099: 'EasyWin32.pdb' PDB를 'RST_EasyWin32.lib(TW_Control.obj)' 또는 'C:\Users\tkddn\source\repos\AG(Auto_Git)\Release\EasyWin32.pdb'에서 찾을 수 없습니다. 디버그 정보가 없는 것처럼 개체를 링크합니다.
RST_EasyWin32.lib(TW_ListExt.obj) : warning LNK4099: 'EasyWin32.pdb' PDB를 'RST_EasyWin32.lib(TW_ListExt.obj)' 또는 'C:\Users\tkddn\source\repos\AG(Auto_Git)\Release\EasyWin32.pdb'에서 찾을 수 없습니다. 디버그 정보가 없는 것처럼 개체를 링크합니다.
RST_EasyWin32.lib(GdiObjectcpp.obj) : warning LNK4099: 'EasyWin32.pdb' PDB를 'RST_EasyWin32.lib(GdiObjectcpp.obj)' 또는 'C:\Users\tkddn\source\repos\AG(Auto_Git)\Release\EasyWin32.pdb'에서 찾을 수 없습니다. 디버그 정보가 없는 것처럼 개체를 링크합니다.
RST_EasyWin32.lib(TimerManager.obj) : warning LNK4099: 'EasyWin32.pdb' PDB를 'RST_EasyWin32.lib(TimerManager.obj)' 또는 'C:\Users\tkddn\source\repos\AG(Auto_Git)\Release\EasyWin32.pdb'에서 찾을 수 없습니다. 디버그 정보가 없는 것처럼 개체를 링크합니다.
RST_EasyWin32.lib(TW_Button.obj) : warning LNK4099: 'EasyWin32.pdb' PDB를 'RST_EasyWin32.lib(TW_Button.obj)' 또는 'C:\Users\tkddn\source\repos\AG(Auto_Git)\Release\EasyWin32.pdb'에서 찾을 수 없습니다. 디버그 정보가 없는 것처럼 개체를 링크합니다.
RST_EasyWin32.lib(TW_Edit.obj) : warning LNK4099: 'EasyWin32.pdb' PDB를 'RST_EasyWin32.lib(TW_Edit.obj)' 또는 'C:\Users\tkddn\source\repos\AG(Auto_Git)\Release\EasyWin32.pdb'에서 찾을 수 없습니다. 디버그 정보가 없는 것처럼 개체를 링크합니다.
RST_EasyWin32.lib(TW_ListBox.obj) : warning LNK4099: 'EasyWin32.pdb' PDB를 'RST_EasyWin32.lib(TW_ListBox.obj)' 또는 'C:\Users\tkddn\source\repos\AG(Auto_Git)\Release\EasyWin32.pdb'에서 찾을 수 없습니다. 디버그 정보가 없는 것처럼 개체를 링크합니다.
RST_EasyWin32.lib(TW_ServerSocket.obj) : warning LNK4099: 'EasyWin32.pdb' PDB를 'RST_EasyWin32.lib(TW_ServerSocket.obj)' 또는 'C:\Users\tkddn\source\repos\AG(Auto_Git)\Release\EasyWin32.pdb'에서 찾을 수 없습니다. 디버그 정보가 없는 것처럼 개체를 링크합니다.
RST_EasyWin32.lib(TW_ClientSocket.obj) : warning LNK4099: 'EasyWin32.pdb' PDB를 'RST_EasyWin32.lib(TW_ClientSocket.obj)' 또는 'C:\Users\tkddn\source\repos\AG(Auto_Git)\Release\EasyWin32.pdb'에서 찾을 수 없습니다. 디버그 정보가 없는 것처럼 개체를 링크합니다.
RST_EasyWin32.lib(TW_GdiPlus.obj) : warning LNK4099: 'EasyWin32.pdb' PDB를 'RST_EasyWin32.lib(TW_GdiPlus.obj)' 또는 'C:\Users\tkddn\source\repos\AG(Auto_Git)\Release\EasyWin32.pdb'에서 찾을 수 없습니다. 디버그 정보가 없는 것처럼 개체를 링크합니다.
RST_EasyWin32.lib(TW_String.obj) : warning LNK4099: 'EasyWin32.pdb' PDB를 'RST_EasyWin32.lib(TW_String.obj)' 또는 'C:\Users\tkddn\source\repos\AG(Auto_Git)\Release\EasyWin32.pdb'에서 찾을 수 없습니다. 디버그 정보가 없는 것처럼 개체를 링크합니다.
  AG(Auto_Git).vcxproj -> C:\Users\tkddn\source\repos\AG(Auto_Git)\Release\AG(Auto_Git).exe
